<?xml version="1.0" encoding="UTF-8"?>
<testsuite name="ru.clevertec.userClient.service.imp.UserServiceImpTest" tests="6" skipped="0" failures="0" errors="0" timestamp="2024-02-29T18:06:24" hostname="LAPTOP-IKH2VJJP" time="0.256">
  <properties/>
  <testcase name="testSave()" classname="ru.clevertec.userClient.service.imp.UserServiceImpTest" time="0.223"/>
  <testcase name="testFindByRole()" classname="ru.clevertec.userClient.service.imp.UserServiceImpTest" time="0.007"/>
  <testcase name="testFindById()" classname="ru.clevertec.userClient.service.imp.UserServiceImpTest" time="0.006"/>
  <testcase name="testFindByUsername()" classname="ru.clevertec.userClient.service.imp.UserServiceImpTest" time="0.005"/>
  <testcase name="testLogout()" classname="ru.clevertec.userClient.service.imp.UserServiceImpTest" time="0.004"/>
  <testcase name="testUpdate()" classname="ru.clevertec.userClient.service.imp.UserServiceImpTest" time="0.004"/>
  <system-out><![CDATA[]]></system-out>
  <system-err><![CDATA[]]></system-err>
</testsuite>
