<?xml version="1.0" encoding="UTF-8"?>
<testsuite name="ru.clevertec.userClient.config.LoggingAutoConfigurationTest" tests="4" skipped="0" failures="0" errors="0" timestamp="2024-03-01T18:02:28" hostname="LAPTOP-IKH2VJJP" time="1.014">
  <properties/>
  <testcase name="shouldReturnLoggUserAspectBeanIfEnabledTrue()" classname="ru.clevertec.userClient.config.LoggingAutoConfigurationTest" time="0.961"/>
  <testcase name="shouldCheckNotCreateLoggAuthAspectBeanIfEnabledFalse()" classname="ru.clevertec.userClient.config.LoggingAutoConfigurationTest" time="0.011"/>
  <testcase name="shouldReturnLoggAuthAspectBeanIfEnabledTrue()" classname="ru.clevertec.userClient.config.LoggingAutoConfigurationTest" time="0.025"/>
  <testcase name="shouldCheckNotCreateLoggUserAspectBeanIfEnabledFalse()" classname="ru.clevertec.userClient.config.LoggingAutoConfigurationTest" time="0.011"/>
  <system-out><![CDATA[]]></system-out>
  <system-err><![CDATA[]]></system-err>
</testsuite>
