<?xml version="1.0" encoding="UTF-8"?>
<testsuite name="ru.clevertec.userClient.config.ExceptionHandlerAutoConfigurationTest" tests="2" skipped="0" failures="0" errors="0" timestamp="2024-03-01T18:02:33" hostname="LAPTOP-IKH2VJJP" time="0.679">
  <properties/>
  <testcase name="shouldReturnDefaultExceptionHandlerBeanIfEnabledTrue()" classname="ru.clevertec.userClient.config.ExceptionHandlerAutoConfigurationTest" time="0.669"/>
  <testcase name="shouldCheckNotCreateDefaultExceptionHandlerBeanIfEnabledFalse()" classname="ru.clevertec.userClient.config.ExceptionHandlerAutoConfigurationTest" time="0.008"/>
  <system-out><![CDATA[]]></system-out>
  <system-err><![CDATA[SLF4J: No SLF4J providers were found.
SLF4J: Defaulting to no-operation (NOP) logger implementation
SLF4J: See https://www.slf4j.org/codes.html#noProviders for further details.
SLF4J: Class path contains SLF4J bindings targeting slf4j-api versions 1.7.x or earlier.
SLF4J: Ignoring binding found at [jar:file:/C:/Users/dimab/.gradle/caches/modules-2/files-2.1/ch.qos.logback/logback-classic/1.2.3/7c4f3c474fb2c041d8028740440937705ebb473a/logback-classic-1.2.3.jar!/org/slf4j/impl/StaticLoggerBinder.class]
SLF4J: See https://www.slf4j.org/codes.html#ignoredBindings for an explanation.
]]></system-err>
</testsuite>
